Traceback (most recent call last):
  File "c:\programdata\anaconda3\envs\jbook\lib\site-packages\jupyter_cache\executors\utils.py", line 56, in single_nb_execution
    record_timing=False,
  File "c:\programdata\anaconda3\envs\jbook\lib\site-packages\nbclient\client.py", line 1087, in execute
    return NotebookClient(nb=nb, resources=resources, km=km, **kwargs).execute()
  File "c:\programdata\anaconda3\envs\jbook\lib\site-packages\nbclient\util.py", line 74, in wrapped
    return just_run(coro(*args, **kwargs))
  File "c:\programdata\anaconda3\envs\jbook\lib\site-packages\nbclient\util.py", line 53, in just_run
    return loop.run_until_complete(coro)
  File "c:\programdata\anaconda3\envs\jbook\lib\asyncio\base_events.py", line 488, in run_until_complete
    return future.result()
  File "c:\programdata\anaconda3\envs\jbook\lib\site-packages\nbclient\client.py", line 541, in async_execute
    cell, index, execution_count=self.code_cells_executed + 1
  File "c:\programdata\anaconda3\envs\jbook\lib\site-packages\nbclient\client.py", line 832, in async_execute_cell
    self._check_raise_for_error(cell, exec_reply)
  File "c:\programdata\anaconda3\envs\jbook\lib\site-packages\nbclient\client.py", line 740, in _check_raise_for_error
    raise CellExecutionError.from_cell_and_msg(cell, exec_reply['content'])
nbclient.exceptions.CellExecutionError: An error occurred while executing the following cell:
------------------
import re
import argparse

def Main():
    parser=argparse.ArgumentParser()
    parser.add_argument('word',help="specif word to search for")
    parser.add_argument('fname',help="specify file to search")
    args=parser.parse_args()
    searchfile=open(args.fname)
    linenum=0
 
    for line in searchfile.readlines():
        line=line.strip('\n\r')
        linenum+=1
        searchresult=re.search(args.word,line,re.M|re.I)
        if searchresult:
            print(str(linenum)+':'+line)

if __name__=='__main__':
    Main()
 

------------------

An exception has occurred, use %tb to see the full traceback.

[1;31mSystemExit[0m[1;31m:[0m 2

SystemExit: 2

